<?xml version="1.0" encoding="UTF-8"?>
<!-- Generated by org.testng.reporters.JUnitReportReporter -->
<testsuite skipped="0" hostname="SenthilkumarP" name="org.testdataprovider.DemoDataprovider" tests="3" failures="0" timestamp="24 Aug 2021 09:59:22 GMT" time="70.582" errors="0">
  <testcase name="Login" time="16.406" classname="org.testdataprovider.DemoDataprovider"/>
  <testcase name="Login" time="20.644" classname="org.testdataprovider.DemoDataprovider"/>
  <testcase name="Login" time="33.532" classname="org.testdataprovider.DemoDataprovider"/>
</testsuite> <!-- org.testdataprovider.DemoDataprovider -->
