<?xml version="1.0" encoding="UTF-8"?>
<!-- Generated by org.testng.reporters.JUnitReportReporter -->
<testsuite skipped="0" hostname="SenthilkumarP" name="org.Dprovider.TestDatatProvider" tests="3" failures="0" timestamp="20 Aug 2021 04:51:32 GMT" time="0.062" errors="0">
  <testcase name="test1" time="0.031" classname="org.Dprovider.TestDatatProvider"/>
  <testcase name="test1" time="0.016" classname="org.Dprovider.TestDatatProvider"/>
  <testcase name="test1" time="0.015" classname="org.Dprovider.TestDatatProvider"/>
</testsuite> <!-- org.Dprovider.TestDatatProvider -->
