<?xml version="1.0" encoding="UTF-8"?>
<!-- Generated by org.testng.reporters.JUnitReportReporter -->
<testsuite skipped="0" hostname="SenthilkumarP" name="org.DemoBase.PriorityTestNG" tests="3" failures="0" timestamp="17 Aug 2021 11:14:23 GMT" time="0.079" errors="0">
  <testcase name="test2" time="0.031" classname="org.DemoBase.PriorityTestNG"/>
  <testcase name="test3" time="0.032" classname="org.DemoBase.PriorityTestNG"/>
  <testcase name="test1" time="0.016" classname="org.DemoBase.PriorityTestNG"/>
</testsuite> <!-- org.DemoBase.PriorityTestNG -->
