<?xml version="1.0" encoding="UTF-8"?>
<!-- Generated by org.testng.reporters.JUnitReportReporter -->
<testsuite skipped="0" hostname="SenthilkumarP" name="org.test.B" tests="3" failures="0" timestamp="23 Aug 2021 04:44:49 GMT" time="0.106" errors="0">
  <testcase name="testB3" time="0.027" classname="org.test.B"/>
  <testcase name="testB1" time="0.063" classname="org.test.B"/>
  <testcase name="testB2" time="0.016" classname="org.test.B"/>
</testsuite> <!-- org.test.B -->
