<?xml version="1.0" encoding="UTF-8"?>
<!-- Generated by org.testng.reporters.JUnitReportReporter -->
<testsuite skipped="0" hostname="SenthilkumarP" name="org.excel.ExcelTestNG" tests="3" failures="0" timestamp="2021-09-03T13:59:53 IST" time="0.038" errors="0">
  <testcase name="test1" time="0.024" classname="org.excel.ExcelTestNG"/>
  <system-out/>
  <testcase name="test1" time="0.007" classname="org.excel.ExcelTestNG"/>
  <system-out/>
  <testcase name="test1" time="0.007" classname="org.excel.ExcelTestNG"/>
  <system-out/>
</testsuite> <!-- org.excel.ExcelTestNG -->
