<?xml version="1.0" encoding="UTF-8"?>
<!-- Generated by org.testng.reporters.JUnitReportReporter -->
<testsuite skipped="0" hostname="SenthilkumarP" name="org.testdataprovider.TestClass" tests="3" failures="0" timestamp="2021-08-28T19:39:15 IST" time="64.755" errors="0">
  <testcase name="Login" time="16.594" classname="org.testdataprovider.TestClass"/>
  <system-out/>
  <testcase name="Login" time="22.180" classname="org.testdataprovider.TestClass"/>
  <system-out/>
  <testcase name="Login" time="25.981" classname="org.testdataprovider.TestClass"/>
  <system-out/>
</testsuite> <!-- org.testdataprovider.TestClass -->
