<?xml version="1.0" encoding="UTF-8"?>
<!-- Generated by org.testng.reporters.JUnitReportReporter -->
<testsuite skipped="0" hostname="SenthilkumarP" name="org.test.A" tests="3" failures="0" timestamp="24 Aug 2021 09:51:04 GMT" time="0.120" errors="0">
  <testcase name="testA3" time="0.014" classname="org.test.A"/>
  <testcase name="testA2" time="0.040" classname="org.test.A"/>
  <testcase name="testA1" time="0.066" classname="org.test.A"/>
</testsuite> <!-- org.test.A -->
