<?xml version="1.0" encoding="UTF-8"?>
<!-- Generated by org.testng.reporters.JUnitReportReporter -->
<testsuite skipped="0" hostname="SenthilkumarP" name="org.task.Amazon" tests="1" failures="0" timestamp="2021-10-06T20:28:25 IST" time="68.724" errors="0">
  <testcase name="Amazon" time="68.724" classname="org.task.Amazon"/>
  <system-out/>
</testsuite> <!-- org.task.Amazon -->
