<?xml version="1.0" encoding="UTF-8"?>
<!-- Generated by org.testng.reporters.JUnitReportReporter -->
<testsuite skipped="0" hostname="SenthilkumarP" name="org.test.C" tests="3" failures="0" timestamp="23 Aug 2021 04:44:49 GMT" time="0.149" errors="0">
  <testcase name="testC1" time="0.026" classname="org.test.C"/>
  <testcase name="testC2" time="0.009" classname="org.test.C"/>
  <testcase name="testC3" time="0.114" classname="org.test.C"/>
</testsuite> <!-- org.test.C -->
