<?xml version="1.0" encoding="UTF-8"?>
<!-- Generated by org.testng.reporters.JUnitReportReporter -->
<testsuite skipped="1" hostname="SenthilkumarP" name="org.DemoBase.DemoTestNG" tests="4" failures="0" timestamp="17 Aug 2021 09:21:57 GMT" time="0.063" errors="0">
  <testcase name="test1" time="0.022" classname="org.DemoBase.DemoTestNG"/>
  <testcase name="test1" time="0.014" classname="org.DemoBase.DemoTestNG"/>
  <testcase name="test3" time="0.027" classname="org.DemoBase.DemoTestNG"/>
  <testcase name="test2" classname="org.DemoBase.DemoTestNG">
    <skipped/>
  </testcase> <!-- test2 -->
</testsuite> <!-- org.DemoBase.DemoTestNG -->
