<?xml version="1.0" encoding="UTF-8"?>
<!-- Generated by org.testng.reporters.JUnitReportReporter -->
<testsuite skipped="0" hostname="SenthilkumarP" name="org.excel.ExcelTestNG" tests="3" failures="0" timestamp="2021-10-03T12:57:05 IST" time="0.046" errors="0">
  <testcase name="test1" time="0.031" classname="org.excel.ExcelTestNG"/>
  <system-out/>
  <testcase name="test1" time="0.015" classname="org.excel.ExcelTestNG"/>
  <system-out/>
  <testcase name="test1" time="0.000" classname="org.excel.ExcelTestNG"/>
  <system-out/>
</testsuite> <!-- org.excel.ExcelTestNG -->
